# JRE version: 7.0_21-b11
# Java VM: Java HotSpot(TM) 64-Bit Server VM (23.21-b01 mixed mode windows-amd64 compressed oops)
Heap
 PSYoungGen      total 36288K, used 28654K [0x00000000eaab0000, 0x00000000ef190000, 0x0000000100000000)
  eden space 31168K, 75% used [0x00000000eaab0000,0x00000000ec1afba0,0x00000000ec920000)
  from space 5120K, 99% used [0x00000000ece20000,0x00000000ed31c038,0x00000000ed320000)
  to   space 5120K, 0% used [0x00000000ec920000,0x00000000ec920000,0x00000000ece20000)
 ParOldGen       total 82880K, used 5518K [0x00000000c0000000, 0x00000000c50f0000, 0x00000000eaab0000)
  object space 82880K, 6% used [0x00000000c0000000,0x00000000c05638b0,0x00000000c50f0000)
 PSPermGen       total 21248K, used 5970K [0x00000000bae00000, 0x00000000bc2c0000, 0x00000000c0000000)
  object space 21248K, 28% used [0x00000000bae00000,0x00000000bb3d4ad8,0x00000000bc2c0000)
GC Heap History (4 events):
Event: 2.097 GC heap before
{Heap before GC invocations=1 (full 0):
 PSYoungGen      total 36288K, used 31168K [0x00000000eaab0000, 0x00000000ed320000, 0x0000000100000000)
  eden space 31168K, 100% used [0x00000000eaab0000,0x00000000ec920000,0x00000000ec920000)
  from space 5120K, 0% used [0x00000000ece20000,0x00000000ece20000,0x00000000ed320000)
  to   space 5120K, 0% used [0x00000000ec920000,0x00000000ec920000,0x00000000ece20000)
 ParOldGen       total 82880K, used 0K [0x00000000c0000000, 0x00000000c50f0000, 0x00000000eaab0000)
  object space 82880K, 0% used [0x00000000c0000000,0x00000000c0000000,0x00000000c50f0000)
 PSPermGen       total 21248K, used 5846K [0x00000000bae00000, 0x00000000bc2c0000, 0x00000000c0000000)
  object space 21248K, 27% used [0x00000000bae00000,0x00000000bb3b5930,0x00000000bc2c0000)
Event: 2.114 GC heap after
Heap after GC invocations=1 (full 0):
 PSYoungGen      total 36288K, used 5096K [0x00000000eaab0000, 0x00000000ed320000, 0x0000000100000000)
  eden space 31168K, 0% used [0x00000000eaab0000,0x00000000eaab0000,0x00000000ec920000)
  from space 5120K, 99% used [0x00000000ec920000,0x00000000ece1a038,0x00000000ece20000)
  to   space 5120K, 0% used [0x00000000ece20000,0x00000000ece20000,0x00000000ed320000)
 ParOldGen       total 82880K, used 1225K [0x00000000c0000000, 0x00000000c50f0000, 0x00000000eaab0000)
  object space 82880K, 1% used [0x00000000c0000000,0x00000000c0132768,0x00000000c50f0000)
 PSPermGen       total 21248K, used 5846K [0x00000000bae00000, 0x00000000bc2c0000, 0x00000000c0000000)
  object space 21248K, 27% used [0x00000000bae00000,0x00000000bb3b5930,0x00000000bc2c0000)
}
Event: 2.933 GC heap before
{Heap before GC invocations=2 (full 0):
 PSYoungGen      total 36288K, used 36264K [0x00000000eaab0000, 0x00000000ed320000, 0x0000000100000000)
  eden space 31168K, 100% used [0x00000000eaab0000,0x00000000ec920000,0x00000000ec920000)
  from space 5120K, 99% used [0x00000000ec920000,0x00000000ece1a038,0x00000000ece20000)
  to   space 5120K, 0% used [0x00000000ece20000,0x00000000ece20000,0x00000000ed320000)
 ParOldGen       total 82880K, used 1225K [0x00000000c0000000, 0x00000000c50f0000, 0x00000000eaab0000)
  object space 82880K, 1% used [0x00000000c0000000,0x00000000c0132768,0x00000000c50f0000)
 PSPermGen       total 21248K, used 5932K [0x00000000bae00000, 0x00000000bc2c0000, 0x00000000c0000000)
  object space 21248K, 27% used [0x00000000bae00000,0x00000000bb3cb2b8,0x00000000bc2c0000)
Event: 3.118 GC heap after
Heap after GC invocations=2 (full 0):
 PSYoungGen      total 36288K, used 5104K [0x00000000eaab0000, 0x00000000ef190000, 0x0000000100000000)
  eden space 31168K, 0% used [0x00000000eaab0000,0x00000000eaab0000,0x00000000ec920000)
  from space 5120K, 99% used [0x00000000ece20000,0x00000000ed31c038,0x00000000ed320000)
  to   space 5120K, 0% used [0x00000000ec920000,0x00000000ec920000,0x00000000ece20000)
 ParOldGen       total 82880K, used 5518K [0x00000000c0000000, 0x00000000c50f0000, 0x00000000eaab0000)
  object space 82880K, 6% used [0x00000000c0000000,0x00000000c05638b0,0x00000000c50f0000)
 PSPermGen       total 21248K, used 5932K [0x00000000bae00000, 0x00000000bc2c0000, 0x00000000c0000000)
  object space 21248K, 27% used [0x00000000bae00000,0x00000000bb3cb2b8,0x00000000bc2c0000)
}

